# NTBVersion 1.4.84.31
# Number 1.4
# Masterbuild 1_4_84_31
# Platform Win32
# Compiler Visual Studio

c2Value = -0.00094640551415656887   c0Value=206.89643224724944
 Sumerror1=3.7063202109476601  Sumerror2=3.7063202087439038   Sumerror3=3.7063202087439038 old min,max=59.029114 1099.3022800000001 new min,max=58.029114 1100.3022800000001 Len=21  uLen=21 0   polyDiff=3.5815546984895805
 Sumerror1=3.7063202110872133  Sumerror2=4.3234965754698749   Sumerror3=4.3235848310508356 old min,max=59.029114 1099.3022800000001 new min,max=58.029114 1100.3022800000001 Len=21  uLen=21 1   polyDiff=0.10123037745193791
 Sumerror1=3.7063202110816293  Sumerror2=4.3240229320877939   Sumerror3=4.3241109907338231 old min,max=59.029114 1099.3022800000001 new min,max=58.029114 1100.3022800000001 Len=21  uLen=21 2   polyDiff=0.10124393226338996
 Sumerror1=3.7063202110219984  Sumerror2=4.3245493608503702   Sumerror3=4.3246372224660758 old min,max=59.029114 1099.3022800000001 new min,max=58.029114 1100.3022800000001 Len=21  uLen=21 3   polyDiff=0.10125750236908833
 Sumerror1=3.7063202109666089  Sumerror2=4.3250758676218357   Sumerror3=4.3251635321122359 old min,max=59.029114 1099.3022800000001 new min,max=58.029114 1100.3022800000001 Len=21  uLen=21 4   polyDiff=0.10127106168371863
 Sumerror1=3.7063202109341917  Sumerror2=4.3256024487071949   Sumerror3=4.3256899159686908 old min,max=59.029114 1099.3022800000001 new min,max=58.029114 1100.3022800000001 Len=21  uLen=21 5   polyDiff=0.1012846285771398
 Sumerror1=3.7063202109010227  Sumerror2=4.3261291060627443   Sumerror3=4.3262163760279675 old min,max=59.029114 1099.3022800000001 new min,max=58.029114 1100.3022800000001 Len=21  uLen=21 6   polyDiff=0.10129819226273155
 Sumerror1=3.7063202108790172  Sumerror2=4.3266558374064656   Sumerror3=4.3267429099390089 old min,max=59.029114 1099.3022800000001 new min,max=58.029114 1100.3022800000001 Len=21  uLen=21 7   polyDiff=0.10131176319361565
 Sumerror1=3.7063202108056346  Sumerror2=4.3271826449494011   Sumerror3=4.3272695200672784 old min,max=59.029114 1099.3022800000001 new min,max=58.029114 1100.3022800000001 Len=21  uLen=21 8   polyDiff=0.10132533530764778
 Sumerror1=3.7063202107592073  Sumerror2=4.3277095262701932   Sumerror3=4.3277962037523174 old min,max=59.029114 1099.3022800000001 new min,max=58.029114 1100.3022800000001 Len=21  uLen=21 9   polyDiff=0.10133891471122695
c2Value = -0.00094640437869510877   c0Value=206.89642841809837
 Sumerror1=3.7063202107917319  Sumerror2=4.3282347131752381   Sumerror3=4.3283211927566967 old min,max=59.029114 1099.3022800000001 new min,max=58.029114 1100.3022800000001 Len=21  uLen=21 0   polyDiff=0.10135463704682562
 Sumerror1=3.7063202107386375  Sumerror2=4.3287635726939797   Sumerror3=4.3288498548641607 old min,max=59.029114 1099.3022800000001 new min,max=58.029114 1100.3022800000001 Len=21  uLen=21 1   polyDiff=0.10136606185482436
 Sumerror1=3.7063202107259623  Sumerror2=4.3292906836760734   Sumerror3=4.3293767680261039 old min,max=59.029114 1099.3022800000001 new min,max=58.029114 1100.3022800000001 Len=21  uLen=21 2   polyDiff=0.10137963221275553
 Sumerror1=3.7063202106314508  Sumerror2=4.329817867371875   Sumerror3=4.3299037537800773 old min,max=59.029114 1099.3022800000001 new min,max=58.029114 1100.3022800000001 Len=21  uLen=21 3   polyDiff=0.10139321616486749
 Sumerror1=3.7063202105997517  Sumerror2=4.3303451267898021   Sumerror3=4.3304308152157764 old min,max=59.029114 1099.3022800000001 new min,max=58.029114 1100.3022800000001 Len=21  uLen=21 4   polyDiff=0.10140680021912166
 Sumerror1=3.7063202105867026  Sumerror2=4.3308724630488475   Sumerror3=4.3309579533404436 old min,max=59.029114 1099.3022800000001 new min,max=58.029114 1100.3022800000001 Len=21  uLen=21 5   polyDiff=0.10142038110459382
 Sumerror1=3.7063202105695989  Sumerror2=4.3313998734080705   Sumerror3=4.3314851655757742 old min,max=59.029114 1099.3022800000001 new min,max=58.029114 1100.3022800000001 Len=21  uLen=21 6   polyDiff=0.10143396967492055
 Sumerror1=3.7063202104584683  Sumerror2=4.3319273595859524   Sumerror3=4.3320124534771329 old min,max=59.029114 1099.3022800000001 new min,max=58.029114 1100.3022800000001 Len=21  uLen=21 7   polyDiff=0.10144755721985238
 Sumerror1=3.7063202104612154  Sumerror2=4.3324549226272904   Sumerror3=4.3325398181666985 old min,max=59.029114 1099.3022800000001 new min,max=58.029114 1100.3022800000001 Len=21  uLen=21 8   polyDiff=0.10146114235639898
 Sumerror1=3.70632021039882  Sumerror2=4.3329825606981558   Sumerror3=4.3330672577733074 old min,max=59.029114 1099.3022800000001 new min,max=58.029114 1100.3022800000001 Len=21  uLen=21 9   polyDiff=0.10147472980970526
c2Value = -0.00094640978579570558   c0Value=206.89642601779104
 Sumerror1=3.7063202103367585  Sumerror2=4.3335187176590493   Sumerror3=4.3336032174311763 old min,max=59.029114 1099.3022800000001 new min,max=58.029114 1100.3022800000001 Len=21  uLen=21 0   polyDiff=0.10147806435762283
 Sumerror1=3.7063202103186748  Sumerror2=4.3340378089990406   Sumerror3=4.3341221086986943 old min,max=59.029114 1099.3022800000001 new min,max=58.029114 1100.3022800000001 Len=21  uLen=21 1   polyDiff=0.10150191212422437
 Sumerror1=3.7063202102512061  Sumerror2=4.3345656723155557   Sumerror3=4.334649773316877 old min,max=59.029114 1099.3022800000001 new min,max=58.029114 1100.3022800000001 Len=21  uLen=21 2   polyDiff=0.1015155116677852
 Sumerror1=3.7063202102199369  Sumerror2=4.3350936110178955   Sumerror3=4.3351775132827051 old min,max=59.029114 1099.3022800000001 new min,max=58.029114 1100.3022800000001 Len=21  uLen=21 3   polyDiff=0.1015291145653151
 Sumerror1=3.7063202101359289  Sumerror2=4.335621627723687   Sumerror3=4.3357053310511571 old min,max=59.029114 1099.3022800000001 new min,max=58.029114 1100.3022800000001 Len=21  uLen=21 4   polyDiff=0.1015427077178265
 Sumerror1=3.706320210155801  Sumerror2=4.3361497176024582   Sumerror3=4.3362332219929565 old min,max=59.029114 1099.3022800000001 new min,max=58.029114 1100.3022800000001 Len=21  uLen=21 5   polyDiff=0.10155631353360896
 Sumerror1=3.7063202101046571  Sumerror2=4.3366778839881528   Sumerror3=4.33676118934721 old min,max=59.029114 1099.3022800000001 new min,max=58.029114 1100.3022800000001 Len=21  uLen=21 6   polyDiff=0.10156991629363755
 Sumerror1=3.7063202100811128  Sumerror2=4.3372061268802673   Sumerror3=4.33728923307876 old min,max=59.029114 1099.3022800000001 new min,max=58.029114 1100.3022800000001 Len=21  uLen=21 7   polyDiff=0.10158351933956267
 Sumerror1=3.7063202099940118  Sumerror2=4.3377344429682863   Sumerror3=4.3378173498982369 old min,max=59.029114 1099.3022800000001 new min,max=58.029114 1100.3022800000001 Len=21  uLen=21 8   polyDiff=0.10159713274934887
 Sumerror1=3.7063202099250181  Sumerror2=4.3382628366869156   Sumerror3=4.338345544342876 old min,max=59.029114 1099.3022800000001 new min,max=58.029114 1100.3022800000001 Len=21  uLen=21 9   polyDiff=0.10161073833832704
c2Value = -0.00094641522438695578   c0Value=206.89642353688581
 Sumerror1=3.7063202098922692  Sumerror2=4.3387998004322883   Sumerror3=4.3388823099304368 old min,max=59.029114 1099.3022800000001 new min,max=58.029114 1100.3022800000001 Len=21  uLen=21 0   polyDiff=0.10161402544865016
 Sumerror1=3.7063202098334709  Sumerror2=4.3393195962565398   Sumerror3=4.3394019047885575 old min,max=59.029114 1099.3022800000001 new min,max=58.029114 1100.3022800000001 Len=21  uLen=21 1   polyDiff=0.10163795157409346
 Sumerror1=3.7063202097940136  Sumerror2=4.3398482153700355   Sumerror3=4.3399303243121974 old min,max=59.029114 1099.3022800000001 new min,max=58.029114 1100.3022800000001 Len=21  uLen=21 2   polyDiff=0.10165156966657182
 Sumerror1=3.7063202097265946  Sumerror2=4.3403769108914796   Sumerror3=4.3404588201846561 old min,max=59.029114 1099.3022800000001 new min,max=58.029114 1100.3022800000001 Len=21  uLen=21 3   polyDiff=0.10166518590941373
 Sumerror1=3.7063202096936179  Sumerror2=4.3409056815241751   Sumerror3=4.3409873910627388 old min,max=59.029114 1099.3022800000001 new min,max=58.029114 1100.3022800000001 Len=21  uLen=21 4   polyDiff=0.10167880746956455
 Sumerror1=3.706320209587  Sumerror2=4.341434529002921   Sumerror3=4.3415160386786456 old min,max=59.029114 1099.3022800000001 new min,max=58.029114 1100.3022800000001 Len=21  uLen=21 5   polyDiff=0.10169242523959975
 Sumerror1=3.7063202095731862  Sumerror2=4.3419634512672696   Sumerror3=4.3420447610362656 old min,max=59.029114 1099.3022800000001 new min,max=58.029114 1100.3022800000001 Len=21  uLen=21 6   polyDiff=0.10170604899030454
 Sumerror1=3.7063202094871492  Sumerror2=4.3424924495595603   Sumerror3=4.3425735593198631 old min,max=59.029114 1099.3022800000001 new min,max=58.029114 1100.3022800000001 Len=21  uLen=21 7   polyDiff=0.10171967089631372
 Sumerror1=3.7063202094374565  Sumerror2=4.3430215233405871   Sumerror3=4.3431024329860612 old min,max=59.029114 1099.3022800000001 new min,max=58.029114 1100.3022800000001 Len=21  uLen=21 8   polyDiff=0.10173330023231619
 Sumerror1=3.7063202093877434  Sumerror2=4.3435506735543958   Sumerror3=4.3436313829491615 old min,max=59.029114 1099.3022800000001 new min,max=58.029114 1100.3022800000001 Len=21  uLen=21 9   polyDiff=0.10174692543076506
 Sumerror1=3.706320209301603  Sumerror2=4.3440798987529901   Sumerror3=4.3441604079066147 old min,max=59.029114 1099.3022800000001 new min,max=58.029114 1100.3022800000001 Len=21  uLen=21 ########## Start Values ####################
  mass      value (ppm)
    59        -21
    60        -20
    70        -11
    80         -6
    90         -2
   100         -1
   110          0
   120          0
   130          0
   140          0
   150         -1
   160         -1
   170         -2
   180         -3
   190         -4
   200         -4
   210         -5
   220         -6
   230         -6
   240         -7
   250         -7
   260         -7
   270         -8
   280         -8
   290         -8
   300         -8
   310         -8
   320         -8
   330         -8
   340         -7
   350         -7
   360         -7
   370         -7
   380         -6
   390         -6
   400         -6
   410         -5
   420         -5
   430         -4
   440         -4
   450         -3
   460         -3
   470         -3
   480         -2
   490         -2
   500         -1
   510         -1
   520          0
   530          0
   540          0
   550          0
   560          0
   570          0
   580          1
   590          1
   600          1
   610          1
   620          2
   630          2
   640          2
   650          2
   660          2
   670          2
   680          3
   690          3
   700          3
   710          3
   720          3
   730          3
   740          3
   750          3
   760          3
   770          3
   780          3
   790          3
   800          3
   810          3
   820          3
   830          3
   840          2
   850          2
   860          2
   870          2
   880          2
   890          2
   900          2
   910          2
   920          2
   930          1
   940          1
   950          1
   960          1
   970          1
   980          1
   990          1
  1000          0
  1010          0
  1020          0
  1030          0
  1040          0
  1050          0
  1060          0
  1070          0
  1080         -1
  1090         -1
  1100         -1
  1100         -1
########## End Values ####################
##########  Start of polynom data  ####################
c2Value -0.00094641522438695578
c0Value 206.89642353688581
order 6
minMass 58.029114
maxMass 1100.3022800000001
c0 -0.0066133802567237745
c1 0.00014106284411746396
c2 -1.0230170836670063e-006
c3 3.0320911706782778e-009
c4 -4.246199762668957e-012
c5 2.8453457149752459e-015
c6 -7.4182647363687833e-019
##########   End of polynom data   ####################
#######################################################
Error  mean=4.3440798987529901  min=4.3440798987529901  max=4.3440798987529901  num=1
ResultMessage: HPC OK !
ResultValue = 1  (OK)
